\BOOKMARK [0][-]{chapter.1}{\376\377\0001\000\040\000C\000l\000a\000s\000s\000\040\000I\000n\000d\000e\000x}{}% 1
\BOOKMARK [1][-]{section.1.1}{\376\377\0001\000.\0001\000\040\000C\000l\000a\000s\000s\000\040\000L\000i\000s\000t}{chapter.1}% 2
\BOOKMARK [0][-]{chapter.2}{\376\377\0002\000\040\000C\000l\000a\000s\000s\000\040\000D\000o\000c\000u\000m\000e\000n\000t\000a\000t\000i\000o\000n}{}% 3
\BOOKMARK [1][-]{section.2.1}{\376\377\0002\000.\0001\000\040\000D\000\040\000C\000l\000a\000s\000s\000\040\000R\000e\000f\000e\000r\000e\000n\000c\000e}{chapter.2}% 4
\BOOKMARK [2][-]{subsection.2.1.1}{\376\377\0002\000.\0001\000.\0001\000\040\000D\000e\000t\000a\000i\000l\000e\000d\000\040\000D\000e\000s\000c\000r\000i\000p\000t\000i\000o\000n}{section.2.1}% 5
\BOOKMARK [2][-]{subsection.2.1.2}{\376\377\0002\000.\0001\000.\0002\000\040\000M\000e\000m\000b\000e\000r\000\040\000F\000u\000n\000c\000t\000i\000o\000n\000\040\000D\000o\000c\000u\000m\000e\000n\000t\000a\000t\000i\000o\000n}{section.2.1}% 6
\BOOKMARK [3][-]{subsubsection.2.1.2.1}{\376\377\0002\000.\0001\000.\0002\000.\0001\000\040\000e\000x\000p\000o\000r\000t\000\137\000a\000l\000l\000\050\000\051}{subsection.2.1.2}% 7
\BOOKMARK [3][-]{subsubsection.2.1.2.2}{\376\377\0002\000.\0001\000.\0002\000.\0002\000\040\000g\000e\000t\000\137\000r\000e\000s\000i\000d\000u\000a\000l\000\050\000M\000\040\000\046\000\051}{subsection.2.1.2}% 8
\BOOKMARK [3][-]{subsubsection.2.1.2.3}{\376\377\0002\000.\0001\000.\0002\000.\0003\000\040\000i\000n\000i\000t\000i\000a\000l\000i\000s\000e\000\050\000c\000o\000n\000s\000t\000\040\000P\000a\000r\000a\000m\000e\000t\000e\000r\000s\000\040\000\046\000,\000\040\000c\000o\000n\000s\000t\000\040\000M\000\040\000\046\000\051}{subsection.2.1.2}% 9
\BOOKMARK [1][-]{section.2.2}{\376\377\0002\000.\0002\000\040\000D\000a\000t\000a\000\040\000C\000l\000a\000s\000s\000\040\000R\000e\000f\000e\000r\000e\000n\000c\000e}{chapter.2}% 10
\BOOKMARK [2][-]{subsection.2.2.1}{\376\377\0002\000.\0002\000.\0001\000\040\000D\000e\000t\000a\000i\000l\000e\000d\000\040\000D\000e\000s\000c\000r\000i\000p\000t\000i\000o\000n}{section.2.2}% 11
\BOOKMARK [2][-]{subsection.2.2.2}{\376\377\0002\000.\0002\000.\0002\000\040\000C\000o\000n\000s\000t\000r\000u\000c\000t\000o\000r\000\040\000\046\000\040\000D\000e\000s\000t\000r\000u\000c\000t\000o\000r\000\040\000D\000o\000c\000u\000m\000e\000n\000t\000a\000t\000i\000o\000n}{section.2.2}% 12
\BOOKMARK [3][-]{subsubsection.2.2.2.1}{\376\377\0002\000.\0002\000.\0002\000.\0001\000\040\000D\000a\000t\000a\000\050\000c\000o\000n\000s\000t\000\040\000i\000n\000t\000\040\000\046\000,\000\040\000c\000o\000n\000s\000t\000\040\000i\000n\000t\000\040\000\046\000,\000\040\000c\000o\000n\000s\000t\000\040\000i\000n\000t\000\040\000\046\000,\000\040\000c\000o\000n\000s\000t\000\040\000d\000o\000u\000b\000l\000e\000\040\000\046\000\051}{subsection.2.2.2}% 13
\BOOKMARK [2][-]{subsection.2.2.3}{\376\377\0002\000.\0002\000.\0003\000\040\000M\000e\000m\000b\000e\000r\000\040\000F\000u\000n\000c\000t\000i\000o\000n\000\040\000D\000o\000c\000u\000m\000e\000n\000t\000a\000t\000i\000o\000n}{section.2.2}% 14
\BOOKMARK [3][-]{subsubsection.2.2.3.1}{\376\377\0002\000.\0002\000.\0003\000.\0001\000\040\000g\000e\000t\000\137\000i\000n\000t\000e\000r\000p\000\137\000i\000n\000d\000\137\000c\000o\000e\000f\000\050\000i\000n\000t\000\040\000,\000\040\000d\000o\000u\000b\000l\000e\000\040\000,\000\040\000c\000o\000n\000s\000t\000\040\000i\000n\000t\000\040\000\046\000,\000\040\000c\000o\000n\000s\000t\000\040\000i\000n\000t\000\040\000\046\000,\000\040\000c\000o\000n\000s\000t\000\040\000i\000n\000t\000\040\000\046\000,\000\040\000c\000o\000n\000s\000t\000\040\000i\000n\000t\000\040\000\046\000,\000\040\000c\000o\000n\000s\000t\000\040\000i\000n\000t\000\040\000\046\000\051}{subsection.2.2.3}% 15
\BOOKMARK [3][-]{subsubsection.2.2.3.2}{\376\377\0002\000.\0002\000.\0003\000.\0002\000\040\000l\000o\000a\000d\000\050\000c\000o\000n\000s\000t\000\040\000c\000h\000a\000r\000\040\000\051}{subsection.2.2.3}% 16
\BOOKMARK [3][-]{subsubsection.2.2.3.3}{\376\377\0002\000.\0002\000.\0003\000.\0003\000\040\000r\000e\000f\000i\000n\000e\000\050\000i\000n\000t\000\051}{subsection.2.2.3}% 17
\BOOKMARK [3][-]{subsubsection.2.2.3.4}{\376\377\0002\000.\0002\000.\0003\000.\0004\000\040\000s\000a\000v\000e\000\050\000c\000o\000n\000s\000t\000\040\000c\000h\000a\000r\000\040\000\051}{subsection.2.2.3}% 18
\BOOKMARK [1][-]{section.2.3}{\376\377\0002\000.\0003\000\040\000G\000r\000i\000d\000\040\000C\000l\000a\000s\000s\000\040\000R\000e\000f\000e\000r\000e\000n\000c\000e}{chapter.2}% 19
\BOOKMARK [2][-]{subsection.2.3.1}{\376\377\0002\000.\0003\000.\0001\000\040\000D\000e\000t\000a\000i\000l\000e\000d\000\040\000D\000e\000s\000c\000r\000i\000p\000t\000i\000o\000n}{section.2.3}% 20
\BOOKMARK [2][-]{subsection.2.3.2}{\376\377\0002\000.\0003\000.\0002\000\040\000C\000o\000n\000s\000t\000r\000u\000c\000t\000o\000r\000\040\000\046\000\040\000D\000e\000s\000t\000r\000u\000c\000t\000o\000r\000\040\000D\000o\000c\000u\000m\000e\000n\000t\000a\000t\000i\000o\000n}{section.2.3}% 21
\BOOKMARK [3][-]{subsubsection.2.3.2.1}{\376\377\0002\000.\0003\000.\0002\000.\0001\000\040\000G\000r\000i\000d\000\050\000c\000o\000n\000s\000t\000\040\000i\000n\000t\000\040\000\046\000,\000\040\000c\000o\000n\000s\000t\000\040\000i\000n\000t\000\040\000\046\000,\000\040\000c\000o\000n\000s\000t\000\040\000i\000n\000t\000\040\000\046\000,\000\040\000c\000o\000n\000s\000t\000\040\000d\000o\000u\000b\000l\000e\000\040\000\046\000\051}{subsection.2.3.2}% 22
\BOOKMARK [2][-]{subsection.2.3.3}{\376\377\0002\000.\0003\000.\0003\000\040\000M\000e\000m\000b\000e\000r\000\040\000F\000u\000n\000c\000t\000i\000o\000n\000\040\000D\000o\000c\000u\000m\000e\000n\000t\000a\000t\000i\000o\000n}{section.2.3}% 23
\BOOKMARK [3][-]{subsubsection.2.3.3.1}{\376\377\0002\000.\0003\000.\0003\000.\0001\000\040\000e\000x\000p\000o\000r\000t\000\137\000T\000v\000e\000c\000t\000o\000r\000\050\000\051}{subsection.2.3.3}% 24
\BOOKMARK [3][-]{subsubsection.2.3.3.2}{\376\377\0002\000.\0003\000.\0003\000.\0002\000\040\000i\000m\000p\000o\000r\000t\000\137\000T\000\050\000c\000o\000n\000s\000t\000\040\000D\000a\000t\000a\000\040\000\046\000\051}{subsection.2.3.3}% 25
\BOOKMARK [3][-]{subsubsection.2.3.3.3}{\376\377\0002\000.\0003\000.\0003\000.\0003\000\040\000i\000n\000d\0002\000s\000u\000b\000\050\000c\000o\000n\000s\000t\000\040\000i\000n\000t\000\040\000\046\000,\000\040\000i\000n\000t\000\040\000\046\000,\000\040\000i\000n\000t\000\040\000\046\000,\000\040\000i\000n\000t\000\040\000\046\000\051}{subsection.2.3.3}% 26
\BOOKMARK [3][-]{subsubsection.2.3.3.4}{\376\377\0002\000.\0003\000.\0003\000.\0004\000\040\000i\000n\000i\000t\000i\000a\000l\000i\000s\000e\000\050\000c\000o\000n\000s\000t\000\040\000s\000t\000d\000:\000:\000v\000e\000c\000t\000o\000r\000<\000\040\000d\000o\000u\000b\000l\000e\000\040\000>\000\040\000\046\000,\000\040\000c\000o\000n\000s\000t\000\040\000s\000t\000d\000:\000:\000v\000e\000c\000t\000o\000r\000<\000\040\000d\000o\000u\000b\000l\000e\000\040\000>\000\040\000\046\000\051}{subsection.2.3.3}% 27
\BOOKMARK [3][-]{subsubsection.2.3.3.5}{\376\377\0002\000.\0003\000.\0003\000.\0005\000\040\000i\000n\000i\000t\000i\000a\000l\000i\000s\000e\000\137\000l\000o\000g\000\050\000c\000o\000n\000s\000t\000\040\000s\000t\000d\000:\000:\000v\000e\000c\000t\000o\000r\000<\000\040\000d\000o\000u\000b\000l\000e\000\040\000>\000\040\000\046\000,\000\040\000c\000o\000n\000s\000t\000\040\000s\000t\000d\000:\000:\000v\000e\000c\000t\000o\000r\000<\000\040\000d\000o\000u\000b\000l\000e\000\040\000>\000\040\000\046\000\051}{subsection.2.3.3}% 28
\BOOKMARK [3][-]{subsubsection.2.3.3.6}{\376\377\0002\000.\0003\000.\0003\000.\0006\000\040\000m\000a\000r\000c\000h\000\050\000c\000o\000n\000s\000t\000\040\000i\000n\000t\000\040\000\046\000,\000\040\000c\000o\000n\000s\000t\000\040\000b\000o\000o\000l\000\040\000\046\000\051}{subsection.2.3.3}% 29
\BOOKMARK [3][-]{subsubsection.2.3.3.7}{\376\377\0002\000.\0003\000.\0003\000.\0007\000\040\000s\000u\000b\0002\000i\000n\000d\000\050\000c\000o\000n\000s\000t\000\040\000i\000n\000t\000\040\000\046\000,\000\040\000c\000o\000n\000s\000t\000\040\000i\000n\000t\000\040\000\046\000,\000\040\000c\000o\000n\000s\000t\000\040\000i\000n\000t\000\040\000\046\000\051}{subsection.2.3.3}% 30
\BOOKMARK [1][-]{section.2.4}{\376\377\0002\000.\0004\000\040\000l\000o\000c\000a\000t\000i\000o\000n\000s\000:\000:\000L\000o\000c\000a\000t\000i\000o\000n\000\040\000C\000l\000a\000s\000s\000\040\000R\000e\000f\000e\000r\000e\000n\000c\000e}{chapter.2}% 31
\BOOKMARK [2][-]{subsection.2.4.1}{\376\377\0002\000.\0004\000.\0001\000\040\000D\000e\000t\000a\000i\000l\000e\000d\000\040\000D\000e\000s\000c\000r\000i\000p\000t\000i\000o\000n}{section.2.4}% 32
\BOOKMARK [2][-]{subsection.2.4.2}{\376\377\0002\000.\0004\000.\0002\000\040\000C\000o\000n\000s\000t\000r\000u\000c\000t\000o\000r\000\040\000\046\000\040\000D\000e\000s\000t\000r\000u\000c\000t\000o\000r\000\040\000D\000o\000c\000u\000m\000e\000n\000t\000a\000t\000i\000o\000n}{section.2.4}% 33
\BOOKMARK [3][-]{subsubsection.2.4.2.1}{\376\377\0002\000.\0004\000.\0002\000.\0001\000\040\000L\000o\000c\000a\000t\000i\000o\000n\000\050\000c\000o\000n\000s\000t\000\040\000d\000o\000u\000b\000l\000e\000\040\000\046\000,\000\040\000c\000o\000n\000s\000t\000\040\000d\000o\000u\000b\000l\000e\000\040\000\046\000,\000\040\000c\000o\000n\000s\000t\000\040\000d\000o\000u\000b\000l\000e\000\040\000\046\000,\000\040\000c\000o\000n\000s\000t\000\040\000d\000o\000u\000b\000l\000e\000\040\000\046\000\051}{subsection.2.4.2}% 34
\BOOKMARK [2][-]{subsection.2.4.3}{\376\377\0002\000.\0004\000.\0003\000\040\000M\000e\000m\000b\000e\000r\000\040\000F\000u\000n\000c\000t\000i\000o\000n\000\040\000D\000o\000c\000u\000m\000e\000n\000t\000a\000t\000i\000o\000n}{section.2.4}% 35
\BOOKMARK [3][-]{subsubsection.2.4.3.1}{\376\377\0002\000.\0004\000.\0003\000.\0001\000\040\000f\000i\000n\000d\000i\000n\000d\000\050\000G\000r\000i\000d\000\040\000\046\000\051}{subsection.2.4.3}% 36
\BOOKMARK [3][-]{subsubsection.2.4.3.2}{\376\377\0002\000.\0004\000.\0003\000.\0002\000\040\000f\000i\000n\000d\000i\000n\000d\000\050\000c\000o\000n\000s\000t\000\040\000i\000n\000t\000\040\000\046\000,\000\040\000c\000o\000n\000s\000t\000\040\000i\000n\000t\000\040\000\046\000,\000\040\000c\000o\000n\000s\000t\000\040\000i\000n\000t\000\040\000\046\000,\000\040\000c\000o\000n\000s\000t\000\040\000d\000o\000u\000b\000l\000e\000\040\000\046\000\051}{subsection.2.4.3}% 37
\BOOKMARK [3][-]{subsubsection.2.4.3.3}{\376\377\0002\000.\0004\000.\0003\000.\0003\000\040\000f\000i\000n\000d\000x\000y\000z\000\050\000G\000r\000i\000d\000\040\000\046\000\051}{subsection.2.4.3}% 38
\BOOKMARK [1][-]{section.2.5}{\376\377\0002\000.\0005\000\040\000M\000\040\000C\000l\000a\000s\000s\000\040\000R\000e\000f\000e\000r\000e\000n\000c\000e}{chapter.2}% 39
\BOOKMARK [2][-]{subsection.2.5.1}{\376\377\0002\000.\0005\000.\0001\000\040\000D\000e\000t\000a\000i\000l\000e\000d\000\040\000D\000e\000s\000c\000r\000i\000p\000t\000i\000o\000n}{section.2.5}% 40
\BOOKMARK [2][-]{subsection.2.5.2}{\376\377\0002\000.\0005\000.\0002\000\040\000M\000e\000m\000b\000e\000r\000\040\000F\000u\000n\000c\000t\000i\000o\000n\000\040\000D\000o\000c\000u\000m\000e\000n\000t\000a\000t\000i\000o\000n}{section.2.5}% 41
\BOOKMARK [3][-]{subsubsection.2.5.2.1}{\376\377\0002\000.\0005\000.\0002\000.\0001\000\040\000e\000x\000p\000o\000r\000t\000\137\000d\000a\000t\000a\000\050\000\051}{subsection.2.5.2}% 42
\BOOKMARK [3][-]{subsubsection.2.5.2.2}{\376\377\0002\000.\0005\000.\0002\000.\0002\000\040\000i\000n\000i\000t\000i\000a\000l\000i\000s\000e\000\050\000c\000o\000n\000s\000t\000\040\000P\000a\000r\000a\000m\000e\000t\000e\000r\000s\000\040\000\046\000\051}{subsection.2.5.2}% 43
\BOOKMARK [1][-]{section.2.6}{\376\377\0002\000.\0006\000\040\000N\000o\000d\000e\000\040\000C\000l\000a\000s\000s\000\040\000R\000e\000f\000e\000r\000e\000n\000c\000e}{chapter.2}% 44
\BOOKMARK [2][-]{subsection.2.6.1}{\376\377\0002\000.\0006\000.\0001\000\040\000D\000e\000t\000a\000i\000l\000e\000d\000\040\000D\000e\000s\000c\000r\000i\000p\000t\000i\000o\000n}{section.2.6}% 45
\BOOKMARK [2][-]{subsection.2.6.2}{\376\377\0002\000.\0006\000.\0002\000\040\000M\000e\000m\000b\000e\000r\000\040\000D\000a\000t\000a\000\040\000D\000o\000c\000u\000m\000e\000n\000t\000a\000t\000i\000o\000n}{section.2.6}% 46
\BOOKMARK [3][-]{subsubsection.2.6.2.1}{\376\377\0002\000.\0006\000.\0002\000.\0001\000\040\000n\000h\000b}{subsection.2.6.2}% 47
\BOOKMARK [1][-]{section.2.7}{\376\377\0002\000.\0007\000\040\000P\000a\000r\000a\000m\000e\000t\000e\000r\000s\000\040\000C\000l\000a\000s\000s\000\040\000R\000e\000f\000e\000r\000e\000n\000c\000e}{chapter.2}% 48
\BOOKMARK [2][-]{subsection.2.7.1}{\376\377\0002\000.\0007\000.\0001\000\040\000D\000e\000t\000a\000i\000l\000e\000d\000\040\000D\000e\000s\000c\000r\000i\000p\000t\000i\000o\000n}{section.2.7}% 49
\BOOKMARK [1][-]{section.2.8}{\376\377\0002\000.\0008\000\040\000Q\000u\000a\000s\000i\000N\000e\000w\000t\000o\000n\000\040\000C\000l\000a\000s\000s\000\040\000R\000e\000f\000e\000r\000e\000n\000c\000e}{chapter.2}% 50
\BOOKMARK [2][-]{subsection.2.8.1}{\376\377\0002\000.\0008\000.\0001\000\040\000D\000e\000t\000a\000i\000l\000e\000d\000\040\000D\000e\000s\000c\000r\000i\000p\000t\000i\000o\000n}{section.2.8}% 51
\BOOKMARK [2][-]{subsection.2.8.2}{\376\377\0002\000.\0008\000.\0002\000\040\000C\000o\000n\000s\000t\000r\000u\000c\000t\000o\000r\000\040\000\046\000\040\000D\000e\000s\000t\000r\000u\000c\000t\000o\000r\000\040\000D\000o\000c\000u\000m\000e\000n\000t\000a\000t\000i\000o\000n}{section.2.8}% 52
\BOOKMARK [3][-]{subsubsection.2.8.2.1}{\376\377\0002\000.\0008\000.\0002\000.\0001\000\040\000Q\000u\000a\000s\000i\000N\000e\000w\000t\000o\000n\000\050\000c\000o\000n\000s\000t\000\040\000P\000a\000r\000a\000m\000e\000t\000e\000r\000s\000\040\000\046\000\051}{subsection.2.8.2}% 53
\BOOKMARK [2][-]{subsection.2.8.3}{\376\377\0002\000.\0008\000.\0003\000\040\000M\000e\000m\000b\000e\000r\000\040\000F\000u\000n\000c\000t\000i\000o\000n\000\040\000D\000o\000c\000u\000m\000e\000n\000t\000a\000t\000i\000o\000n}{section.2.8}% 54
\BOOKMARK [3][-]{subsubsection.2.8.3.1}{\376\377\0002\000.\0008\000.\0003\000.\0001\000\040\000e\000x\000p\000o\000r\000t\000\137\000p\000o\000s\000t\000e\000r\000i\000o\000r\000\050\000M\000\040\000\046\000,\000\040\000D\000\040\000\046\000\051}{subsection.2.8.3}% 55
\BOOKMARK [3][-]{subsubsection.2.8.3.2}{\376\377\0002\000.\0008\000.\0003\000.\0002\000\040\000i\000n\000i\000t\000i\000a\000l\000i\000s\000e\000\050\000c\000o\000n\000s\000t\000\040\000P\000a\000r\000a\000m\000e\000t\000e\000r\000s\000\040\000\046\000\051}{subsection.2.8.3}% 56
\BOOKMARK [3][-]{subsubsection.2.8.3.3}{\376\377\0002\000.\0008\000.\0003\000.\0003\000\040\000i\000t\000e\000r\000a\000t\000e\000\050\000M\000\040\000\046\000,\000\040\000D\000\040\000\046\000\051}{subsection.2.8.3}% 57
\BOOKMARK [3][-]{subsubsection.2.8.3.4}{\376\377\0002\000.\0008\000.\0003\000.\0004\000\040\000r\000u\000n\000\050\000M\000\040\000\046\000,\000\040\000D\000\040\000\046\000\051}{subsection.2.8.3}% 58
\BOOKMARK [1][-]{section.2.9}{\376\377\0002\000.\0009\000\040\000R\000a\000y\000\040\000C\000l\000a\000s\000s\000\040\000R\000e\000f\000e\000r\000e\000n\000c\000e}{chapter.2}% 59
\BOOKMARK [2][-]{subsection.2.9.1}{\376\377\0002\000.\0009\000.\0001\000\040\000D\000e\000t\000a\000i\000l\000e\000d\000\040\000D\000e\000s\000c\000r\000i\000p\000t\000i\000o\000n}{section.2.9}% 60
\BOOKMARK [2][-]{subsection.2.9.2}{\376\377\0002\000.\0009\000.\0002\000\040\000M\000e\000m\000b\000e\000r\000\040\000F\000u\000n\000c\000t\000i\000o\000n\000\040\000D\000o\000c\000u\000m\000e\000n\000t\000a\000t\000i\000o\000n}{section.2.9}% 61
\BOOKMARK [3][-]{subsubsection.2.9.2.1}{\376\377\0002\000.\0009\000.\0002\000.\0001\000\040\000c\000o\000m\000p\000u\000t\000e\000\137\000i\000n\000t\000e\000r\000p\000\137\000d\000e\000r\000\050\000i\000n\000t\000,\000\040\000D\000a\000t\000a\000\040\000\046\000,\000\040\000D\000a\000t\000a\000\040\000\046\000\051}{subsection.2.9.2}% 62
\BOOKMARK [3][-]{subsubsection.2.9.2.2}{\376\377\0002\000.\0009\000.\0002\000.\0002\000\040\000c\000o\000m\000p\000u\000t\000e\000\137\000t\000\050\000c\000o\000n\000s\000t\000\040\000D\000a\000t\000a\000\040\000\046\000,\000\040\000c\000o\000n\000s\000t\000\040\000D\000a\000t\000a\000\040\000\046\000\051}{subsection.2.9.2}% 63
\BOOKMARK [3][-]{subsubsection.2.9.2.3}{\376\377\0002\000.\0009\000.\0002\000.\0003\000\040\000c\000o\000m\000p\000u\000t\000e\000\137\000t\000\137\000a\000n\000d\000\137\000i\000n\000t\000e\000r\000p\000\137\000d\000e\000r\000\050\000c\000o\000n\000s\000t\000\040\000D\000a\000t\000a\000\040\000\046\000,\000\040\000c\000o\000n\000s\000t\000\040\000D\000a\000t\000a\000\040\000\046\000,\000\040\000i\000n\000t\000,\000\040\000D\000a\000t\000a\000\040\000\046\000,\000\040\000D\000a\000t\000a\000\040\000\046\000,\000\040\000d\000o\000u\000b\000l\000e\000\040\000\046\000,\000\040\000d\000o\000u\000b\000l\000e\000\040\000\046\000,\000\040\000d\000o\000u\000b\000l\000e\000\040\000\046\000\051}{subsection.2.9.2}% 64
\BOOKMARK [3][-]{subsubsection.2.9.2.4}{\376\377\0002\000.\0009\000.\0002\000.\0004\000\040\000t\000r\000a\000c\000e\000\050\000G\000r\000i\000d\000\040\000\046\000,\000\040\000c\000o\000n\000s\000t\000\040\000d\000o\000u\000b\000l\000e\000\040\000\046\000,\000\040\000c\000o\000n\000s\000t\000\040\000d\000o\000u\000b\000l\000e\000\040\000\046\000,\000\040\000c\000o\000n\000s\000t\000\040\000d\000o\000u\000b\000l\000e\000\040\000\046\000\051}{subsection.2.9.2}% 65
\BOOKMARK [1][-]{section.2.10}{\376\377\0002\000.\0001\0000\000\040\000S\000o\000u\000r\000c\000e\000s\000\040\000C\000l\000a\000s\000s\000\040\000R\000e\000f\000e\000r\000e\000n\000c\000e}{chapter.2}% 66
\BOOKMARK [2][-]{subsection.2.10.1}{\376\377\0002\000.\0001\0000\000.\0001\000\040\000D\000e\000t\000a\000i\000l\000e\000d\000\040\000D\000e\000s\000c\000r\000i\000p\000t\000i\000o\000n}{section.2.10}% 67
\BOOKMARK [1][-]{section.2.11}{\376\377\0002\000.\0001\0001\000\040\000T\000e\000t\000r\000a\000\040\000C\000l\000a\000s\000s\000\040\000R\000e\000f\000e\000r\000e\000n\000c\000e}{chapter.2}% 68
\BOOKMARK [2][-]{subsection.2.11.1}{\376\377\0002\000.\0001\0001\000.\0001\000\040\000D\000e\000t\000a\000i\000l\000e\000d\000\040\000D\000e\000s\000c\000r\000i\000p\000t\000i\000o\000n}{section.2.11}% 69
\BOOKMARK [2][-]{subsection.2.11.2}{\376\377\0002\000.\0001\0001\000.\0002\000\040\000C\000o\000n\000s\000t\000r\000u\000c\000t\000o\000r\000\040\000\046\000\040\000D\000e\000s\000t\000r\000u\000c\000t\000o\000r\000\040\000D\000o\000c\000u\000m\000e\000n\000t\000a\000t\000i\000o\000n}{section.2.11}% 70
\BOOKMARK [3][-]{subsubsection.2.11.2.1}{\376\377\0002\000.\0001\0001\000.\0002\000.\0001\000\040\000T\000e\000t\000r\000a\000\050\000c\000o\000n\000s\000t\000\040\000d\000o\000u\000b\000l\000e\000\040\000\046\000,\000\040\000c\000o\000n\000s\000t\000\040\000d\000o\000u\000b\000l\000e\000\040\000\046\000,\000\040\000c\000o\000n\000s\000t\000\040\000d\000o\000u\000b\000l\000e\000\040\000\046\000\051}{subsection.2.11.2}% 71
\BOOKMARK [2][-]{subsection.2.11.3}{\376\377\0002\000.\0001\0001\000.\0003\000\040\000M\000e\000m\000b\000e\000r\000\040\000F\000u\000n\000c\000t\000i\000o\000n\000\040\000D\000o\000c\000u\000m\000e\000n\000t\000a\000t\000i\000o\000n}{section.2.11}% 72
\BOOKMARK [3][-]{subsubsection.2.11.3.1}{\376\377\0002\000.\0001\0001\000.\0003\000.\0001\000\040\000c\000o\000m\000p\000u\000t\000e\000\137\000T\000\050\000\051}{subsection.2.11.3}% 73
\BOOKMARK [1][-]{section.2.12}{\376\377\0002\000.\0001\0002\000\040\000V\000e\000l\000o\000c\000i\000t\000y\000\040\000C\000l\000a\000s\000s\000\040\000R\000e\000f\000e\000r\000e\000n\000c\000e}{chapter.2}% 74
\BOOKMARK [2][-]{subsection.2.12.1}{\376\377\0002\000.\0001\0002\000.\0001\000\040\000D\000e\000t\000a\000i\000l\000e\000d\000\040\000D\000e\000s\000c\000r\000i\000p\000t\000i\000o\000n}{section.2.12}% 75
\BOOKMARK [2][-]{subsection.2.12.2}{\376\377\0002\000.\0001\0002\000.\0002\000\040\000C\000o\000n\000s\000t\000r\000u\000c\000t\000o\000r\000\040\000\046\000\040\000D\000e\000s\000t\000r\000u\000c\000t\000o\000r\000\040\000D\000o\000c\000u\000m\000e\000n\000t\000a\000t\000i\000o\000n}{section.2.12}% 76
\BOOKMARK [3][-]{subsubsection.2.12.2.1}{\376\377\0002\000.\0001\0002\000.\0002\000.\0001\000\040\000V\000e\000l\000o\000c\000i\000t\000y\000\050\000c\000o\000n\000s\000t\000\040\000d\000o\000u\000b\000l\000e\000\040\000\046\000,\000\040\000c\000o\000n\000s\000t\000\040\000d\000o\000u\000b\000l\000e\000\040\000\046\000\051}{subsection.2.12.2}% 77
\BOOKMARK [2][-]{subsection.2.12.3}{\376\377\0002\000.\0001\0002\000.\0003\000\040\000M\000e\000m\000b\000e\000r\000\040\000F\000u\000n\000c\000t\000i\000o\000n\000\040\000D\000o\000c\000u\000m\000e\000n\000t\000a\000t\000i\000o\000n}{section.2.12}% 78
\BOOKMARK [3][-]{subsubsection.2.12.3.1}{\376\377\0002\000.\0001\0002\000.\0003\000.\0001\000\040\000g\000r\000o\000u\000p\000\137\000a\000n\000g\000l\000e\000\050\000c\000o\000n\000s\000t\000\040\000d\000o\000u\000b\000l\000e\000\040\000\046\000\051}{subsection.2.12.3}% 79
\BOOKMARK [3][-]{subsubsection.2.12.3.2}{\376\377\0002\000.\0001\0002\000.\0003\000.\0002\000\040\000p\000h\000a\000s\000e\000\137\000a\000n\000g\000l\000e\000\050\000c\000o\000n\000s\000t\000\040\000d\000o\000u\000b\000l\000e\000\040\000\046\000\051}{subsection.2.12.3}% 80
\BOOKMARK [3][-]{subsubsection.2.12.3.3}{\376\377\0002\000.\0001\0002\000.\0003\000.\0003\000\040\000t\000a\000n\000\137\000g\000r\000o\000u\000p\000\137\000a\000n\000g\000l\000e\000\050\000c\000o\000n\000s\000t\000\040\000d\000o\000u\000b\000l\000e\000\040\000\046\000\051}{subsection.2.12.3}% 81
\BOOKMARK [3][-]{subsubsection.2.12.3.4}{\376\377\0002\000.\0001\0002\000.\0003\000.\0004\000\040\000V\000g\000r\000o\000u\000p\000\050\000c\000o\000n\000s\000t\000\040\000d\000o\000u\000b\000l\000e\000\040\000\046\000\051}{subsection.2.12.3}% 82
\BOOKMARK [3][-]{subsubsection.2.12.3.5}{\376\377\0002\000.\0001\0002\000.\0003\000.\0005\000\040\000V\000p\000h\000a\000s\000e\000\050\000c\000o\000n\000s\000t\000\040\000d\000o\000u\000b\000l\000e\000\040\000\046\000\051}{subsection.2.12.3}% 83
\BOOKMARK [0][-]{section*.25}{\376\377\000I\000n\000d\000e\000x}{}% 84
